<?xml version="1.0" encoding="UTF-8"?>
<!-- Generated by org.testng.reporters.JUnitReportReporter -->
<testsuite hostname="Rahul" failures="0" tests="1" name="TestCase.VerifyHomePage" time="10.312" errors="0" timestamp="2024-08-14T09:36:30 IST" skipped="0">
  <testcase classname="TestCase.VerifyHomePage" name="verifyValidInputs" time="10.312"/>
  <system-out/>
</testsuite> <!-- TestCase.VerifyHomePage -->
