<?xml version="1.0" encoding="UTF-8"?>
<!-- Generated by org.testng.reporters.JUnitReportReporter -->
<testsuite hostname="Rahul" failures="0" tests="1" name="TestCase.VerifyHomePage_TC001" time="13.986" errors="0" timestamp="2024-08-14T00:25:01 IST" skipped="0">
  <testcase classname="TestCase.VerifyHomePage_TC001" name="verifyValidInputs" time="13.986"/>
  <system-out/>
</testsuite> <!-- TestCase.VerifyHomePage_TC001 -->
